============================= test session starts =============================
platform win32 -- Python 3.12.10, pytest-9.1.1, pluggy-1.6.0
rootdir: C:\Users\Doro\TTS_MultiModel
configfile: pyproject.toml
plugins: anyio-4.14.2, Faker-40.36.0, hydra-core-1.3.5, hypothesis-6.165.2, asyncio-1.4.0, base-url-2.1.0, cov-7.1.0, playwright-0.8.0, timeout-2.4.0, xdist-3.8.0
asyncio: mode=Mode.AUTO, debug=False, asyncio_default_fixture_loop_scope=None, asyncio_default_test_loop_scope=function
timeout: 60.0s
timeout method: thread
timeout func_only: False
collected 1478 items / 196 deselected / 1282 selected

tests\test_api_contract.py ..............                                [  1%]
tests\test_app.py ....                                                   [  1%]
tests\test_app_server.py ..                                              [  1%]
tests\test_audio_processing.py ...............                           [  2%]
tests\test_audio_processing_ext.py .....................                 [  4%]
tests\test_audio_routes_helpers.py .................                     [  5%]
tests\test_audio_watermark.py .......                                    [  6%]
tests\test_auth.py ........                                              [  6%]
tests\test_bad_case_retry.py ..................                          [  8%]
tests\test_batch_inference.py ........                                   [  8%]
tests\test_cache.py ....................                                 [ 10%]
tests\test_cache_ext.py .........                                        [ 11%]
tests\test_checkpoint.py .......                                         [ 11%]
tests\test_cli.py ...................................................... [ 15%]
..                                                                       [ 16%]
tests\test_config.py ...........                                         [ 16%]
tests\test_config_models.py ...........                                  [ 17%]
tests\test_coverage_boost.py ........................................... [ 21%]
.............                                                            [ 22%]
tests\test_coverage_boost_ext.py ....................................... [ 25%]
..................                                                       [ 26%]
tests\test_cross_platform.py ...................                         [ 28%]
tests\test_dotstts_engine.py ..............                              [ 29%]
tests\test_dotstts_interface.py .........                                [ 29%]
tests\test_emotion_control.py ...............................            [ 32%]
tests\test_emotion_tags.py .................                             [ 33%]
tests\test_engine_interface.py .....                                     [ 34%]
tests\test_engine_registry_ext.py ....                                   [ 34%]
tests\test_engine_switch.py ....                                         [ 34%]
tests\test_engine_ui_data.py ........                                    [ 35%]
tests\test_error_handler_ext.py ....                                     [ 35%]
tests\test_estimator.py ...............                                  [ 36%]
tests\test_exceptions.py ........                                        [ 37%]
tests\test_fts_tokenizer.py .......                                      [ 37%]
tests\test_g2p_processor.py ......                                       [ 38%]
tests\test_generate_utils.py ............                                [ 39%]
tests\test_generation.py ..............                                  [ 40%]
tests\test_generation_ext.py ............                                [ 41%]
tests\test_generation_versioning.py ...........                          [ 42%]
tests\test_generic_clone_routes.py ...                                   [ 42%]
tests\test_gpu_utilization_routes.py .......                             [ 42%]
tests\test_gpu_utils.py ..........                                       [ 43%]
tests\test_gpu_utils_ext.py .........                                    [ 44%]
tests\test_hard_constraints.py ..............                            [ 45%]
tests\test_history_db.py ............................                    [ 47%]
tests\test_i18n.py ....                                                  [ 48%]
tests\test_i18n_ext.py .................                                 [ 49%]
tests\test_indextts2_interface.py .......                                [ 49%]
tests\test_logs_ext.py .....                                             [ 50%]
tests\test_mcp_server.py ........................                        [ 52%]
tests\test_middleware_ext.py ..........................................  [ 55%]
tests\test_mixed_precision.py .................                          [ 56%]
tests\test_model_registry_ext.py .........                               [ 57%]
tests\test_monitor_ext.py .............                                  [ 58%]
tests\test_openai_api.py ...........................................     [ 61%]
tests\test_path_traversal.py ........                                    [ 62%]
tests\test_persona_manager_ext.py .........                              [ 63%]
tests\test_persona_metadata_ext.py .......                               [ 63%]
tests\test_progress.py ...........                                       [ 64%]
tests\test_progress_ext.py ............                                  [ 65%]
tests\test_prompt_cache.py ..........                                    [ 66%]
tests\test_prompt_cache_ext.py .......                                   [ 66%]
tests\test_ras_sampling.py ..........                                    [ 67%]
tests\test_resampling.py ..............                                  [ 68%]
tests\test_routes_htmx.py ..                                             [ 68%]
tests\test_routes_light.py .........                                     [ 69%]
tests\test_security.py ......................                            [ 71%]
tests\test_service_layer.py ............................................ [ 74%]
.............                                                            [ 75%]
tests\test_service_layer_signal_taskqueue.py .......................     [ 77%]
tests\test_settings_helpers.py .............                             [ 78%]
tests\test_signal_handlers.py ....................                       [ 80%]
tests\test_sse.py ...                                                    [ 80%]
tests\test_sse_bus.py ......                                             [ 80%]
tests\test_streaming_monitor.py ...........                              [ 81%]
tests\test_system_routes.py ............                                 [ 82%]
tests\test_task_queue.py .......................                         [ 84%]
tests\test_text_frontend.py ...................                          [ 85%]
tests\test_tracker.py ...........                                        [ 86%]
tests\test_training_routes.py ........                                   [ 87%]
tests\test_utils.py ........                                             [ 87%]
tests\test_utils_helpers.py ................                             [ 89%]
tests\test_verification_ci.py ....................                       [ 90%]
tests\test_vllm_backend.py ......................                        [ 92%]
tests\test_voice_clone_utils.py ...........                              [ 93%]
tests\test_voxcpm2_base.py .......                                       [ 93%]
tests\test_voxcpm2_decorators.py ......                                  [ 94%]
tests\test_voxcpm2_routes.py ......                                      [ 94%]
tests\test_watermark.py .........                                        [ 95%]
tests\training\test_data.py ssssssssssssssssssssssss                     [ 97%]
tests\training\test_packers.py sssssssssssssssssssssssssssssssss         [100%]

============================== warnings summary ===============================
..\..\..\Python312\Lib\site-packages\fastapi\testclient.py:1
  C:\Python312\Lib\site-packages\fastapi\testclient.py:1: StarletteDeprecationWarning: Using `httpx` with `starlette.testclient` is deprecated; install `httpx2` instead.
    from starlette.testclient import TestClient as TestClient  # noqa

tests/test_api_contract.py::TestOpenAPISchema::test_openapi_schema_available
tests/test_api_contract.py::TestOpenAPISchema::test_openapi_has_paths
tests/test_api_contract.py::TestOpenAPISchema::test_openapi_has_health_endpoints
tests/test_api_contract.py::TestOpenAPISchema::test_openapi_has_model_endpoints
  C:\Python312\Lib\site-packages\fastapi\openapi\utils.py:303: UserWarning: Duplicate Operation ID generic_clone_endpoint_api_generate_generic_clone_post for function generic_clone_endpoint at C:\Users\Doro\TTS_MultiModel\bin\integrated_app\routes\generate\generic\clone.py
    warnings.warn(message, stacklevel=1)

tests/test_api_contract.py::TestOpenAPISchema::test_openapi_schema_available
tests/test_api_contract.py::TestOpenAPISchema::test_openapi_has_paths
tests/test_api_contract.py::TestOpenAPISchema::test_openapi_has_health_endpoints
tests/test_api_contract.py::TestOpenAPISchema::test_openapi_has_model_endpoints
  C:\Python312\Lib\site-packages\fastapi\openapi\utils.py:303: UserWarning: Duplicate Operation ID generate_indextts2_api_generate_indextts2_post for function generate_indextts2 at C:\Users\Doro\TTS_MultiModel\bin\integrated_app\routes\generate\indextts2\synthesize.py
    warnings.warn(message, stacklevel=1)

tests/test_api_contract.py::TestOpenAPISchema::test_openapi_schema_available
tests/test_api_contract.py::TestOpenAPISchema::test_openapi_has_paths
tests/test_api_contract.py::TestOpenAPISchema::test_openapi_has_health_endpoints
tests/test_api_contract.py::TestOpenAPISchema::test_openapi_has_model_endpoints
  C:\Python312\Lib\site-packages\fastapi\openapi\utils.py:303: UserWarning: Duplicate Operation ID generate_voxcpm_clone_api_generate_voxcpm_clone_post for function generate_voxcpm_clone at C:\Users\Doro\TTS_MultiModel\bin\integrated_app\routes\generate\voxcpm2\clone.py
    warnings.warn(message, stacklevel=1)

tests/test_api_contract.py::TestOpenAPISchema::test_openapi_schema_available
tests/test_api_contract.py::TestOpenAPISchema::test_openapi_has_paths
tests/test_api_contract.py::TestOpenAPISchema::test_openapi_has_health_endpoints
tests/test_api_contract.py::TestOpenAPISchema::test_openapi_has_model_endpoints
  C:\Python312\Lib\site-packages\fastapi\openapi\utils.py:303: UserWarning: Duplicate Operation ID generate_voxcpm_ultimate_api_generate_voxcpm_ultimate_post for function generate_voxcpm_ultimate at C:\Users\Doro\TTS_MultiModel\bin\integrated_app\routes\generate\voxcpm2\clone.py
    warnings.warn(message, stacklevel=1)

tests/test_api_contract.py::TestOpenAPISchema::test_openapi_schema_available
tests/test_api_contract.py::TestOpenAPISchema::test_openapi_has_paths
tests/test_api_contract.py::TestOpenAPISchema::test_openapi_has_health_endpoints
tests/test_api_contract.py::TestOpenAPISchema::test_openapi_has_model_endpoints
  C:\Python312\Lib\site-packages\fastapi\openapi\utils.py:303: UserWarning: Duplicate Operation ID generate_voxcpm_prompt_continue_api_generate_voxcpm_prompt_continue_post for function generate_voxcpm_prompt_continue at C:\Users\Doro\TTS_MultiModel\bin\integrated_app\routes\generate\voxcpm2\clone.py
    warnings.warn(message, stacklevel=1)

tests/test_api_contract.py::TestOpenAPISchema::test_openapi_schema_available
tests/test_api_contract.py::TestOpenAPISchema::test_openapi_has_paths
tests/test_api_contract.py::TestOpenAPISchema::test_openapi_has_health_endpoints
tests/test_api_contract.py::TestOpenAPISchema::test_openapi_has_model_endpoints
  C:\Python312\Lib\site-packages\fastapi\openapi\utils.py:303: UserWarning: Duplicate Operation ID generate_voxcpm_design_api_generate_voxcpm_design_post for function generate_voxcpm_design at C:\Users\Doro\TTS_MultiModel\bin\integrated_app\routes\generate\voxcpm2\design.py
    warnings.warn(message, stacklevel=1)

tests/test_api_contract.py::TestOpenAPISchema::test_openapi_schema_available
tests/test_api_contract.py::TestOpenAPISchema::test_openapi_has_paths
tests/test_api_contract.py::TestOpenAPISchema::test_openapi_has_health_endpoints
tests/test_api_contract.py::TestOpenAPISchema::test_openapi_has_model_endpoints
  C:\Python312\Lib\site-packages\fastapi\openapi\utils.py:303: UserWarning: Duplicate Operation ID generate_voxcpm_script_api_generate_voxcpm_script_post for function generate_voxcpm_script at C:\Users\Doro\TTS_MultiModel\bin\integrated_app\routes\generate\voxcpm2\script.py
    warnings.warn(message, stacklevel=1)

tests/test_api_contract.py::TestOpenAPISchema::test_openapi_schema_available
tests/test_api_contract.py::TestOpenAPISchema::test_openapi_has_paths
tests/test_api_contract.py::TestOpenAPISchema::test_openapi_has_health_endpoints
tests/test_api_contract.py::TestOpenAPISchema::test_openapi_has_model_endpoints
  C:\Python312\Lib\site-packages\fastapi\openapi\utils.py:303: UserWarning: Duplicate Operation ID streaming_sse_generation_api_generate_streaming_sse_post for function streaming_sse_generation at C:\Users\Doro\TTS_MultiModel\bin\integrated_app\routes\generate\voxcpm2\streaming.py
    warnings.warn(message, stacklevel=1)

tests/test_api_contract.py::TestOpenAPISchema::test_openapi_schema_available
tests/test_api_contract.py::TestOpenAPISchema::test_openapi_has_paths
tests/test_api_contract.py::TestOpenAPISchema::test_openapi_has_health_endpoints
tests/test_api_contract.py::TestOpenAPISchema::test_openapi_has_model_endpoints
  C:\Python312\Lib\site-packages\fastapi\openapi\utils.py:303: UserWarning: Duplicate Operation ID streaming_generation_api_generate_streaming_post for function streaming_generation at C:\Users\Doro\TTS_MultiModel\bin\integrated_app\routes\generate\voxcpm2\streaming.py
    warnings.warn(message, stacklevel=1)

tests/test_api_contract.py::TestOpenAPISchema::test_openapi_schema_available
tests/test_api_contract.py::TestOpenAPISchema::test_openapi_has_paths
tests/test_api_contract.py::TestOpenAPISchema::test_openapi_has_health_endpoints
tests/test_api_contract.py::TestOpenAPISchema::test_openapi_has_model_endpoints
  C:\Python312\Lib\site-packages\fastapi\openapi\utils.py:303: UserWarning: Duplicate Operation ID streaming_audio_generation_api_generate_streaming_audio_post for function streaming_audio_generation at C:\Users\Doro\TTS_MultiModel\bin\integrated_app\routes\generate\voxcpm2\streaming.py
    warnings.warn(message, stacklevel=1)

tests/test_api_contract.py::TestOpenAPISchema::test_openapi_schema_available
tests/test_api_contract.py::TestOpenAPISchema::test_openapi_has_paths
tests/test_api_contract.py::TestOpenAPISchema::test_openapi_has_health_endpoints
tests/test_api_contract.py::TestOpenAPISchema::test_openapi_has_model_endpoints
  C:\Python312\Lib\site-packages\fastapi\openapi\utils.py:303: UserWarning: Duplicate Operation ID post_process_audio_api_generate_post_process_post for function post_process_audio at C:\Users\Doro\TTS_MultiModel\bin\integrated_app\routes\generate\voxcpm2\streaming.py
    warnings.warn(message, stacklevel=1)

tests/test_api_contract.py::TestOpenAPISchema::test_openapi_schema_available
tests/test_api_contract.py::TestOpenAPISchema::test_openapi_has_paths
tests/test_api_contract.py::TestOpenAPISchema::test_openapi_has_health_endpoints
tests/test_api_contract.py::TestOpenAPISchema::test_openapi_has_model_endpoints
  C:\Python312\Lib\site-packages\fastapi\openapi\utils.py:303: UserWarning: Duplicate Operation ID cancel_generation_api_generate_cancel_post for function cancel_generation at C:\Users\Doro\TTS_MultiModel\bin\integrated_app\routes\generate\voxcpm2\streaming.py
    warnings.warn(message, stacklevel=1)

tests/test_api_contract.py::TestOpenAPISchema::test_openapi_schema_available
tests/test_api_contract.py::TestOpenAPISchema::test_openapi_has_paths
tests/test_api_contract.py::TestOpenAPISchema::test_openapi_has_health_endpoints
tests/test_api_contract.py::TestOpenAPISchema::test_openapi_has_model_endpoints
  C:\Python312\Lib\site-packages\fastapi\openapi\utils.py:303: UserWarning: Duplicate Operation ID get_generated_audio_api_audio__filename__get for function get_generated_audio at C:\Users\Doro\TTS_MultiModel\bin\integrated_app\routes\audio.py
    warnings.warn(message, stacklevel=1)

tests/test_api_contract.py::TestOpenAPISchema::test_openapi_schema_available
tests/test_api_contract.py::TestOpenAPISchema::test_openapi_has_paths
tests/test_api_contract.py::TestOpenAPISchema::test_openapi_has_health_endpoints
tests/test_api_contract.py::TestOpenAPISchema::test_openapi_has_model_endpoints
  C:\Python312\Lib\site-packages\fastapi\openapi\utils.py:303: UserWarning: Duplicate Operation ID get_persona_audio_api_persona_audio__name__get for function get_persona_audio at C:\Users\Doro\TTS_MultiModel\bin\integrated_app\routes\audio.py
    warnings.warn(message, stacklevel=1)

tests/test_api_contract.py::TestOpenAPISchema::test_openapi_schema_available
tests/test_api_contract.py::TestOpenAPISchema::test_openapi_has_paths
tests/test_api_contract.py::TestOpenAPISchema::test_openapi_has_health_endpoints
tests/test_api_contract.py::TestOpenAPISchema::test_openapi_has_model_endpoints
  C:\Python312\Lib\site-packages\fastapi\openapi\utils.py:303: UserWarning: Duplicate Operation ID get_speaker_sample_api_speaker_sample__key__get for function get_speaker_sample at C:\Users\Doro\TTS_MultiModel\bin\integrated_app\routes\audio.py
    warnings.warn(message, stacklevel=1)

tests/test_api_contract.py::TestOpenAPISchema::test_openapi_schema_available
tests/test_api_contract.py::TestOpenAPISchema::test_openapi_has_paths
tests/test_api_contract.py::TestOpenAPISchema::test_openapi_has_health_endpoints
tests/test_api_contract.py::TestOpenAPISchema::test_openapi_has_model_endpoints
  C:\Python312\Lib\site-packages\fastapi\openapi\utils.py:303: UserWarning: Duplicate Operation ID upload_audio_api_upload_audio_post for function upload_audio at C:\Users\Doro\TTS_MultiModel\bin\integrated_app\routes\audio.py
    warnings.warn(message, stacklevel=1)

tests/test_api_contract.py::TestOpenAPISchema::test_openapi_schema_available
tests/test_api_contract.py::TestOpenAPISchema::test_openapi_has_paths
tests/test_api_contract.py::TestOpenAPISchema::test_openapi_has_health_endpoints
tests/test_api_contract.py::TestOpenAPISchema::test_openapi_has_model_endpoints
  C:\Python312\Lib\site-packages\fastapi\openapi\utils.py:303: UserWarning: Duplicate Operation ID history_table_api_history_table_get for function history_table at C:\Users\Doro\TTS_MultiModel\bin\integrated_app\routes\audio.py
    warnings.warn(message, stacklevel=1)

tests/test_api_contract.py::TestOpenAPISchema::test_openapi_schema_available
tests/test_api_contract.py::TestOpenAPISchema::test_openapi_has_paths
tests/test_api_contract.py::TestOpenAPISchema::test_openapi_has_health_endpoints
tests/test_api_contract.py::TestOpenAPISchema::test_openapi_has_model_endpoints
  C:\Python312\Lib\site-packages\fastapi\openapi\utils.py:303: UserWarning: Duplicate Operation ID batch_export_history_api_batch_export_history_post for function batch_export_history at C:\Users\Doro\TTS_MultiModel\bin\integrated_app\routes\audio.py
    warnings.warn(message, stacklevel=1)

tests/test_api_contract.py::TestOpenAPISchema::test_openapi_schema_available
tests/test_api_contract.py::TestOpenAPISchema::test_openapi_has_paths
tests/test_api_contract.py::TestOpenAPISchema::test_openapi_has_health_endpoints
tests/test_api_contract.py::TestOpenAPISchema::test_openapi_has_model_endpoints
  C:\Python312\Lib\site-packages\fastapi\openapi\utils.py:303: UserWarning: Duplicate Operation ID batch_delete_history_api_batch_delete_history_post for function batch_delete_history at C:\Users\Doro\TTS_MultiModel\bin\integrated_app\routes\audio.py
    warnings.warn(message, stacklevel=1)

tests/test_api_contract.py::TestOpenAPISchema::test_openapi_schema_available
tests/test_api_contract.py::TestOpenAPISchema::test_openapi_has_paths
tests/test_api_contract.py::TestOpenAPISchema::test_openapi_has_health_endpoints
tests/test_api_contract.py::TestOpenAPISchema::test_openapi_has_model_endpoints
  C:\Python312\Lib\site-packages\fastapi\openapi\utils.py:303: UserWarning: Duplicate Operation ID hide_history_records_api_history_hide_post for function hide_history_records at C:\Users\Doro\TTS_MultiModel\bin\integrated_app\routes\audio.py
    warnings.warn(message, stacklevel=1)

tests/test_api_contract.py::TestOpenAPISchema::test_openapi_schema_available
tests/test_api_contract.py::TestOpenAPISchema::test_openapi_has_paths
tests/test_api_contract.py::TestOpenAPISchema::test_openapi_has_health_endpoints
tests/test_api_contract.py::TestOpenAPISchema::test_openapi_has_model_endpoints
  C:\Python312\Lib\site-packages\fastapi\openapi\utils.py:303: UserWarning: Duplicate Operation ID clear_all_history_api_history_clear_all_post for function clear_all_history at C:\Users\Doro\TTS_MultiModel\bin\integrated_app\routes\audio.py
    warnings.warn(message, stacklevel=1)

tests/test_api_contract.py::TestOpenAPISchema::test_openapi_schema_available
tests/test_api_contract.py::TestOpenAPISchema::test_openapi_has_paths
tests/test_api_contract.py::TestOpenAPISchema::test_openapi_has_health_endpoints
tests/test_api_contract.py::TestOpenAPISchema::test_openapi_has_model_endpoints
  C:\Python312\Lib\site-packages\fastapi\openapi\utils.py:303: UserWarning: Duplicate Operation ID show_history_records_api_history_show_post for function show_history_records at C:\Users\Doro\TTS_MultiModel\bin\integrated_app\routes\audio.py
    warnings.warn(message, stacklevel=1)

tests/test_api_contract.py::TestOpenAPISchema::test_openapi_schema_available
tests/test_api_contract.py::TestOpenAPISchema::test_openapi_has_paths
tests/test_api_contract.py::TestOpenAPISchema::test_openapi_has_health_endpoints
tests/test_api_contract.py::TestOpenAPISchema::test_openapi_has_model_endpoints
  C:\Python312\Lib\site-packages\fastapi\openapi\utils.py:303: UserWarning: Duplicate Operation ID show_all_history_api_history_show_all_post for function show_all_history at C:\Users\Doro\TTS_MultiModel\bin\integrated_app\routes\audio.py
    warnings.warn(message, stacklevel=1)

tests/test_api_contract.py::TestOpenAPISchema::test_openapi_schema_available
tests/test_api_contract.py::TestOpenAPISchema::test_openapi_has_paths
tests/test_api_contract.py::TestOpenAPISchema::test_openapi_has_health_endpoints
tests/test_api_contract.py::TestOpenAPISchema::test_openapi_has_model_endpoints
  C:\Python312\Lib\site-packages\fastapi\openapi\utils.py:303: UserWarning: Duplicate Operation ID sync_history_api_history_sync_post for function sync_history at C:\Users\Doro\TTS_MultiModel\bin\integrated_app\routes\audio.py
    warnings.warn(message, stacklevel=1)

tests/test_api_contract.py::TestOpenAPISchema::test_openapi_schema_available
tests/test_api_contract.py::TestOpenAPISchema::test_openapi_has_paths
tests/test_api_contract.py::TestOpenAPISchema::test_openapi_has_health_endpoints
tests/test_api_contract.py::TestOpenAPISchema::test_openapi_has_model_endpoints
  C:\Python312\Lib\site-packages\fastapi\openapi\utils.py:303: UserWarning: Duplicate Operation ID model_status_api_model_status_get for function model_status at C:\Users\Doro\TTS_MultiModel\bin\integrated_app\routes\model.py
    warnings.warn(message, stacklevel=1)

tests/test_api_contract.py::TestOpenAPISchema::test_openapi_schema_available
tests/test_api_contract.py::TestOpenAPISchema::test_openapi_has_paths
tests/test_api_contract.py::TestOpenAPISchema::test_openapi_has_health_endpoints
tests/test_api_contract.py::TestOpenAPISchema::test_openapi_has_model_endpoints
  C:\Python312\Lib\site-packages\fastapi\openapi\utils.py:303: UserWarning: Duplicate Operation ID load_model_endpoint_api_model_load_post for function load_model_endpoint at C:\Users\Doro\TTS_MultiModel\bin\integrated_app\routes\model.py
    warnings.warn(message, stacklevel=1)

tests/test_api_contract.py::TestOpenAPISchema::test_openapi_schema_available
tests/test_api_contract.py::TestOpenAPISchema::test_openapi_has_paths
tests/test_api_contract.py::TestOpenAPISchema::test_openapi_has_health_endpoints
tests/test_api_contract.py::TestOpenAPISchema::test_openapi_has_model_endpoints
  C:\Python312\Lib\site-packages\fastapi\openapi\utils.py:303: UserWarning: Duplicate Operation ID unload_model_endpoint_api_model_unload_post for function unload_model_endpoint at C:\Users\Doro\TTS_MultiModel\bin\integrated_app\routes\model.py
    warnings.warn(message, stacklevel=1)

tests/test_api_contract.py::TestOpenAPISchema::test_openapi_schema_available
tests/test_api_contract.py::TestOpenAPISchema::test_openapi_has_paths
tests/test_api_contract.py::TestOpenAPISchema::test_openapi_has_health_endpoints
tests/test_api_contract.py::TestOpenAPISchema::test_openapi_has_model_endpoints
  C:\Python312\Lib\site-packages\fastapi\openapi\utils.py:303: UserWarning: Duplicate Operation ID preload_model_endpoint_api_model_preload_post for function preload_model_endpoint at C:\Users\Doro\TTS_MultiModel\bin\integrated_app\routes\model.py
    warnings.warn(message, stacklevel=1)

tests/test_api_contract.py::TestOpenAPISchema::test_openapi_schema_available
tests/test_api_contract.py::TestOpenAPISchema::test_openapi_has_paths
tests/test_api_contract.py::TestOpenAPISchema::test_openapi_has_health_endpoints
tests/test_api_contract.py::TestOpenAPISchema::test_openapi_has_model_endpoints
  C:\Python312\Lib\site-packages\fastapi\openapi\utils.py:303: UserWarning: Duplicate Operation ID preload_status_endpoint_api_model_preload_status_get for function preload_status_endpoint at C:\Users\Doro\TTS_MultiModel\bin\integrated_app\routes\model.py
    warnings.warn(message, stacklevel=1)

tests/test_api_contract.py::TestOpenAPISchema::test_openapi_schema_available
tests/test_api_contract.py::TestOpenAPISchema::test_openapi_has_paths
tests/test_api_contract.py::TestOpenAPISchema::test_openapi_has_health_endpoints
tests/test_api_contract.py::TestOpenAPISchema::test_openapi_has_model_endpoints
  C:\Python312\Lib\site-packages\fastapi\openapi\utils.py:303: UserWarning: Duplicate Operation ID switch_engine_endpoint_api_model_switch_post for function switch_engine_endpoint at C:\Users\Doro\TTS_MultiModel\bin\integrated_app\routes\model.py
    warnings.warn(message, stacklevel=1)

tests/test_api_contract.py::TestOpenAPISchema::test_openapi_schema_available
tests/test_api_contract.py::TestOpenAPISchema::test_openapi_has_paths
tests/test_api_contract.py::TestOpenAPISchema::test_openapi_has_health_endpoints
tests/test_api_contract.py::TestOpenAPISchema::test_openapi_has_model_endpoints
  C:\Python312\Lib\site-packages\fastapi\openapi\utils.py:303: UserWarning: Duplicate Operation ID lora_load_endpoint_api_model_lora_load_post for function lora_load_endpoint at C:\Users\Doro\TTS_MultiModel\bin\integrated_app\routes\model.py
    warnings.warn(message, stacklevel=1)

tests/test_api_contract.py::TestOpenAPISchema::test_openapi_schema_available
tests/test_api_contract.py::TestOpenAPISchema::test_openapi_has_paths
tests/test_api_contract.py::TestOpenAPISchema::test_openapi_has_health_endpoints
tests/test_api_contract.py::TestOpenAPISchema::test_openapi_has_model_endpoints
  C:\Python312\Lib\site-packages\fastapi\openapi\utils.py:303: UserWarning: Duplicate Operation ID lora_unload_endpoint_api_model_lora_unload_post for function lora_unload_endpoint at C:\Users\Doro\TTS_MultiModel\bin\integrated_app\routes\model.py
    warnings.warn(message, stacklevel=1)

tests/test_api_contract.py::TestOpenAPISchema::test_openapi_schema_available
tests/test_api_contract.py::TestOpenAPISchema::test_openapi_has_paths
tests/test_api_contract.py::TestOpenAPISchema::test_openapi_has_health_endpoints
tests/test_api_contract.py::TestOpenAPISchema::test_openapi_has_model_endpoints
  C:\Python312\Lib\site-packages\fastapi\openapi\utils.py:303: UserWarning: Duplicate Operation ID lora_toggle_endpoint_api_model_lora_toggle_post for function lora_toggle_endpoint at C:\Users\Doro\TTS_MultiModel\bin\integrated_app\routes\model.py
    warnings.warn(message, stacklevel=1)

tests/test_api_contract.py::TestOpenAPISchema::test_openapi_schema_available
tests/test_api_contract.py::TestOpenAPISchema::test_openapi_has_paths
tests/test_api_contract.py::TestOpenAPISchema::test_openapi_has_health_endpoints
tests/test_api_contract.py::TestOpenAPISchema::test_openapi_has_model_endpoints
  C:\Python312\Lib\site-packages\fastapi\openapi\utils.py:303: UserWarning: Duplicate Operation ID lora_state_endpoint_api_model_lora_state_get for function lora_state_endpoint at C:\Users\Doro\TTS_MultiModel\bin\integrated_app\routes\model.py
    warnings.warn(message, stacklevel=1)

tests/test_api_contract.py::TestOpenAPISchema::test_openapi_schema_available
tests/test_api_contract.py::TestOpenAPISchema::test_openapi_has_paths
tests/test_api_contract.py::TestOpenAPISchema::test_openapi_has_health_endpoints
tests/test_api_contract.py::TestOpenAPISchema::test_openapi_has_model_endpoints
  C:\Python312\Lib\site-packages\fastapi\openapi\utils.py:303: UserWarning: Duplicate Operation ID lora_list_endpoint_api_model_lora_list_get for function lora_list_endpoint at C:\Users\Doro\TTS_MultiModel\bin\integrated_app\routes\model.py
    warnings.warn(message, stacklevel=1)

tests/test_api_contract.py::TestOpenAPISchema::test_openapi_schema_available
tests/test_api_contract.py::TestOpenAPISchema::test_openapi_has_paths
tests/test_api_contract.py::TestOpenAPISchema::test_openapi_has_health_endpoints
tests/test_api_contract.py::TestOpenAPISchema::test_openapi_has_model_endpoints
  C:\Python312\Lib\site-packages\fastapi\openapi\utils.py:303: UserWarning: Duplicate Operation ID model_download_hints_api_model_download_hints_get for function model_download_hints at C:\Users\Doro\TTS_MultiModel\bin\integrated_app\routes\model.py
    warnings.warn(message, stacklevel=1)

tests/test_api_contract.py::TestOpenAPISchema::test_openapi_schema_available
tests/test_api_contract.py::TestOpenAPISchema::test_openapi_has_paths
tests/test_api_contract.py::TestOpenAPISchema::test_openapi_has_health_endpoints
tests/test_api_contract.py::TestOpenAPISchema::test_openapi_has_model_endpoints
  C:\Python312\Lib\site-packages\fastapi\openapi\utils.py:303: UserWarning: Duplicate Operation ID cancel_generation_api_model_api_generate_cancel_post for function cancel_generation at C:\Users\Doro\TTS_MultiModel\bin\integrated_app\routes\model.py
    warnings.warn(message, stacklevel=1)

tests/test_api_contract.py::TestOpenAPISchema::test_openapi_schema_available
tests/test_api_contract.py::TestOpenAPISchema::test_openapi_has_paths
tests/test_api_contract.py::TestOpenAPISchema::test_openapi_has_health_endpoints
tests/test_api_contract.py::TestOpenAPISchema::test_openapi_has_model_endpoints
  C:\Python312\Lib\site-packages\fastapi\openapi\utils.py:303: UserWarning: Duplicate Operation ID index__get for function index at C:\Users\Doro\TTS_MultiModel\bin\integrated_app\routes\pages.py
    warnings.warn(message, stacklevel=1)

tests/test_api_contract.py::TestOpenAPISchema::test_openapi_schema_available
tests/test_api_contract.py::TestOpenAPISchema::test_openapi_has_paths
tests/test_api_contract.py::TestOpenAPISchema::test_openapi_has_health_endpoints
tests/test_api_contract.py::TestOpenAPISchema::test_openapi_has_model_endpoints
  C:\Python312\Lib\site-packages\fastapi\openapi\utils.py:303: UserWarning: Duplicate Operation ID persona_table_api_persona_table_get for function persona_table at C:\Users\Doro\TTS_MultiModel\bin\integrated_app\routes\persona.py
    warnings.warn(message, stacklevel=1)

tests/test_api_contract.py::TestOpenAPISchema::test_openapi_schema_available
tests/test_api_contract.py::TestOpenAPISchema::test_openapi_has_paths
tests/test_api_contract.py::TestOpenAPISchema::test_openapi_has_health_endpoints
tests/test_api_contract.py::TestOpenAPISchema::test_openapi_has_model_endpoints
  C:\Python312\Lib\site-packages\fastapi\openapi\utils.py:303: UserWarning: Duplicate Operation ID persona_delete_api_persona__name__delete for function persona_delete at C:\Users\Doro\TTS_MultiModel\bin\integrated_app\routes\persona.py
    warnings.warn(message, stacklevel=1)

tests/test_api_contract.py::TestOpenAPISchema::test_openapi_schema_available
tests/test_api_contract.py::TestOpenAPISchema::test_openapi_has_paths
tests/test_api_contract.py::TestOpenAPISchema::test_openapi_has_health_endpoints
tests/test_api_contract.py::TestOpenAPISchema::test_openapi_has_model_endpoints
  C:\Python312\Lib\site-packages\fastapi\openapi\utils.py:303: UserWarning: Duplicate Operation ID sse_events_api_sse_events_get for function sse_events at C:\Users\Doro\TTS_MultiModel\bin\integrated_app\routes\sse.py
    warnings.warn(message, stacklevel=1)

tests/test_api_contract.py::TestOpenAPISchema::test_openapi_schema_available
tests/test_api_contract.py::TestOpenAPISchema::test_openapi_has_paths
tests/test_api_contract.py::TestOpenAPISchema::test_openapi_has_health_endpoints
tests/test_api_contract.py::TestOpenAPISchema::test_openapi_has_model_endpoints
  C:\Python312\Lib\site-packages\fastapi\openapi\utils.py:303: UserWarning: Duplicate Operation ID ping_api_system_api_system_health_ping_get for function ping at C:\Users\Doro\TTS_MultiModel\bin\integrated_app\routes\system\health.py
    warnings.warn(message, stacklevel=1)

tests/test_api_contract.py::TestOpenAPISchema::test_openapi_schema_available
tests/test_api_contract.py::TestOpenAPISchema::test_openapi_has_paths
tests/test_api_contract.py::TestOpenAPISchema::test_openapi_has_health_endpoints
tests/test_api_contract.py::TestOpenAPISchema::test_openapi_has_model_endpoints
  C:\Python312\Lib\site-packages\fastapi\openapi\utils.py:303: UserWarning: Duplicate Operation ID ready_api_system_api_system_health_ready_get for function ready at C:\Users\Doro\TTS_MultiModel\bin\integrated_app\routes\system\health.py
    warnings.warn(message, stacklevel=1)

tests/test_api_contract.py::TestOpenAPISchema::test_openapi_schema_available
tests/test_api_contract.py::TestOpenAPISchema::test_openapi_has_paths
tests/test_api_contract.py::TestOpenAPISchema::test_openapi_has_health_endpoints
tests/test_api_contract.py::TestOpenAPISchema::test_openapi_has_model_endpoints
  C:\Python312\Lib\site-packages\fastapi\openapi\utils.py:303: UserWarning: Duplicate Operation ID get_stats_api_system_api_system_stats_get for function get_stats at C:\Users\Doro\TTS_MultiModel\bin\integrated_app\routes\system\health.py
    warnings.warn(message, stacklevel=1)

tests/test_api_contract.py::TestOpenAPISchema::test_openapi_schema_available
tests/test_api_contract.py::TestOpenAPISchema::test_openapi_has_paths
tests/test_api_contract.py::TestOpenAPISchema::test_openapi_has_health_endpoints
tests/test_api_contract.py::TestOpenAPISchema::test_openapi_has_model_endpoints
  C:\Python312\Lib\site-packages\fastapi\openapi\utils.py:303: UserWarning: Duplicate Operation ID get_queue_status_api_system_api_system_queue_get for function get_queue_status at C:\Users\Doro\TTS_MultiModel\bin\integrated_app\routes\system\health.py
    warnings.warn(message, stacklevel=1)

tests/test_api_contract.py::TestOpenAPISchema::test_openapi_schema_available
tests/test_api_contract.py::TestOpenAPISchema::test_openapi_has_paths
tests/test_api_contract.py::TestOpenAPISchema::test_openapi_has_health_endpoints
tests/test_api_contract.py::TestOpenAPISchema::test_openapi_has_model_endpoints
  C:\Python312\Lib\site-packages\fastapi\openapi\utils.py:303: UserWarning: Duplicate Operation ID gpu_leak_api_system_api_system_health_gpu_leak_get for function gpu_leak at C:\Users\Doro\TTS_MultiModel\bin\integrated_app\routes\system\health.py
    warnings.warn(message, stacklevel=1)

tests/test_api_contract.py::TestOpenAPISchema::test_openapi_schema_available
tests/test_api_contract.py::TestOpenAPISchema::test_openapi_has_paths
tests/test_api_contract.py::TestOpenAPISchema::test_openapi_has_health_endpoints
tests/test_api_contract.py::TestOpenAPISchema::test_openapi_has_model_endpoints
  C:\Python312\Lib\site-packages\fastapi\openapi\utils.py:303: UserWarning: Duplicate Operation ID get_health_api_system_api_system_health_get for function get_health at C:\Users\Doro\TTS_MultiModel\bin\integrated_app\routes\system\health.py
    warnings.warn(message, stacklevel=1)

tests/test_api_contract.py::TestOpenAPISchema::test_openapi_schema_available
tests/test_api_contract.py::TestOpenAPISchema::test_openapi_has_paths
tests/test_api_contract.py::TestOpenAPISchema::test_openapi_has_health_endpoints
tests/test_api_contract.py::TestOpenAPISchema::test_openapi_has_model_endpoints
  C:\Python312\Lib\site-packages\fastapi\openapi\utils.py:303: UserWarning: Duplicate Operation ID shutdown_server_api_system_api_system_shutdown_post for function shutdown_server at C:\Users\Doro\TTS_MultiModel\bin\integrated_app\routes\system\health.py
    warnings.warn(message, stacklevel=1)

tests/test_api_contract.py::TestOpenAPISchema::test_openapi_schema_available
tests/test_api_contract.py::TestOpenAPISchema::test_openapi_has_paths
tests/test_api_contract.py::TestOpenAPISchema::test_openapi_has_health_endpoints
tests/test_api_contract.py::TestOpenAPISchema::test_openapi_has_model_endpoints
  C:\Python312\Lib\site-packages\fastapi\openapi\utils.py:303: UserWarning: Duplicate Operation ID gpu_status_api_system_api_system_gpu_status_get for function gpu_status at C:\Users\Doro\TTS_MultiModel\bin\integrated_app\routes\system\gpu.py
    warnings.warn(message, stacklevel=1)

tests/test_api_contract.py::TestOpenAPISchema::test_openapi_schema_available
tests/test_api_contract.py::TestOpenAPISchema::test_openapi_has_paths
tests/test_api_contract.py::TestOpenAPISchema::test_openapi_has_health_endpoints
tests/test_api_contract.py::TestOpenAPISchema::test_openapi_has_model_endpoints
  C:\Python312\Lib\site-packages\fastapi\openapi\utils.py:303: UserWarning: Duplicate Operation ID gpu_history_api_system_api_system_gpu_history_get for function gpu_history at C:\Users\Doro\TTS_MultiModel\bin\integrated_app\routes\system\gpu.py
    warnings.warn(message, stacklevel=1)

tests/test_api_contract.py::TestOpenAPISchema::test_openapi_schema_available
tests/test_api_contract.py::TestOpenAPISchema::test_openapi_has_paths
tests/test_api_contract.py::TestOpenAPISchema::test_openapi_has_health_endpoints
tests/test_api_contract.py::TestOpenAPISchema::test_openapi_has_model_endpoints
  C:\Python312\Lib\site-packages\fastapi\openapi\utils.py:303: UserWarning: Duplicate Operation ID gpu_cleanup_api_system_api_system_gpu_cleanup_post for function gpu_cleanup at C:\Users\Doro\TTS_MultiModel\bin\integrated_app\routes\system\gpu.py
    warnings.warn(message, stacklevel=1)

tests/test_api_contract.py::TestOpenAPISchema::test_openapi_schema_available
tests/test_api_contract.py::TestOpenAPISchema::test_openapi_has_paths
tests/test_api_contract.py::TestOpenAPISchema::test_openapi_has_health_endpoints
tests/test_api_contract.py::TestOpenAPISchema::test_openapi_has_model_endpoints
  C:\Python312\Lib\site-packages\fastapi\openapi\utils.py:303: UserWarning: Duplicate Operation ID get_logs_api_system_api_system_logs_get for function get_logs at C:\Users\Doro\TTS_MultiModel\bin\integrated_app\routes\system\logs.py
    warnings.warn(message, stacklevel=1)

tests/test_api_contract.py::TestOpenAPISchema::test_openapi_schema_available
tests/test_api_contract.py::TestOpenAPISchema::test_openapi_has_paths
tests/test_api_contract.py::TestOpenAPISchema::test_openapi_has_health_endpoints
tests/test_api_contract.py::TestOpenAPISchema::test_openapi_has_model_endpoints
  C:\Python312\Lib\site-packages\fastapi\openapi\utils.py:303: UserWarning: Duplicate Operation ID clean_logs_api_system_api_system_logs_clean_delete for function clean_logs at C:\Users\Doro\TTS_MultiModel\bin\integrated_app\routes\system\logs.py
    warnings.warn(message, stacklevel=1)

tests/test_api_contract.py::TestOpenAPISchema::test_openapi_schema_available
tests/test_api_contract.py::TestOpenAPISchema::test_openapi_has_paths
tests/test_api_contract.py::TestOpenAPISchema::test_openapi_has_health_endpoints
tests/test_api_contract.py::TestOpenAPISchema::test_openapi_has_model_endpoints
  C:\Python312\Lib\site-packages\fastapi\openapi\utils.py:303: UserWarning: Duplicate Operation ID get_settings_api_system_api_system_settings_get for function get_settings at C:\Users\Doro\TTS_MultiModel\bin\integrated_app\routes\system\settings.py
    warnings.warn(message, stacklevel=1)

tests/test_api_contract.py::TestOpenAPISchema::test_openapi_schema_available
tests/test_api_contract.py::TestOpenAPISchema::test_openapi_has_paths
tests/test_api_contract.py::TestOpenAPISchema::test_openapi_has_health_endpoints
tests/test_api_contract.py::TestOpenAPISchema::test_openapi_has_model_endpoints
  C:\Python312\Lib\site-packages\fastapi\openapi\utils.py:303: UserWarning: Duplicate Operation ID update_settings_api_system_api_system_settings_put for function update_settings at C:\Users\Doro\TTS_MultiModel\bin\integrated_app\routes\system\settings.py
    warnings.warn(message, stacklevel=1)

tests/test_api_contract.py::TestOpenAPISchema::test_openapi_schema_available
tests/test_api_contract.py::TestOpenAPISchema::test_openapi_has_paths
tests/test_api_contract.py::TestOpenAPISchema::test_openapi_has_health_endpoints
tests/test_api_contract.py::TestOpenAPISchema::test_openapi_has_model_endpoints
  C:\Python312\Lib\site-packages\fastapi\openapi\utils.py:303: UserWarning: Duplicate Operation ID reset_settings_api_system_api_system_settings_reset_post for function reset_settings at C:\Users\Doro\TTS_MultiModel\bin\integrated_app\routes\system\settings.py
    warnings.warn(message, stacklevel=1)

tests/test_api_contract.py::TestOpenAPISchema::test_openapi_schema_available
tests/test_api_contract.py::TestOpenAPISchema::test_openapi_has_paths
tests/test_api_contract.py::TestOpenAPISchema::test_openapi_has_health_endpoints
tests/test_api_contract.py::TestOpenAPISchema::test_openapi_has_model_endpoints
  C:\Python312\Lib\site-packages\fastapi\openapi\utils.py:303: UserWarning: Duplicate Operation ID get_advanced_params_api_system_api_system_advanced_params_get for function get_advanced_params at C:\Users\Doro\TTS_MultiModel\bin\integrated_app\routes\system\settings.py
    warnings.warn(message, stacklevel=1)

tests/test_api_contract.py::TestOpenAPISchema::test_openapi_schema_available
tests/test_api_contract.py::TestOpenAPISchema::test_openapi_has_paths
tests/test_api_contract.py::TestOpenAPISchema::test_openapi_has_health_endpoints
tests/test_api_contract.py::TestOpenAPISchema::test_openapi_has_model_endpoints
  C:\Python312\Lib\site-packages\fastapi\openapi\utils.py:303: UserWarning: Duplicate Operation ID save_advanced_params_api_system_api_system_advanced_params_post for function save_advanced_params at C:\Users\Doro\TTS_MultiModel\bin\integrated_app\routes\system\settings.py
    warnings.warn(message, stacklevel=1)

tests/test_api_contract.py::TestOpenAPISchema::test_openapi_schema_available
tests/test_api_contract.py::TestOpenAPISchema::test_openapi_has_paths
tests/test_api_contract.py::TestOpenAPISchema::test_openapi_has_health_endpoints
tests/test_api_contract.py::TestOpenAPISchema::test_openapi_has_model_endpoints
  C:\Python312\Lib\site-packages\fastapi\openapi\utils.py:303: UserWarning: Duplicate Operation ID save_general_settings_api_system_api_system_general_settings_post for function save_general_settings at C:\Users\Doro\TTS_MultiModel\bin\integrated_app\routes\system\settings.py
    warnings.warn(message, stacklevel=1)

tests/test_api_contract.py::TestOpenAPISchema::test_openapi_schema_available
tests/test_api_contract.py::TestOpenAPISchema::test_openapi_has_paths
tests/test_api_contract.py::TestOpenAPISchema::test_openapi_has_health_endpoints
tests/test_api_contract.py::TestOpenAPISchema::test_openapi_has_model_endpoints
  C:\Python312\Lib\site-packages\fastapi\openapi\utils.py:303: UserWarning: Duplicate Operation ID get_generation_defaults_api_system_api_system_generation_defaults_get for function get_generation_defaults at C:\Users\Doro\TTS_MultiModel\bin\integrated_app\routes\system\settings.py
    warnings.warn(message, stacklevel=1)

tests/test_api_contract.py::TestOpenAPISchema::test_openapi_schema_available
tests/test_api_contract.py::TestOpenAPISchema::test_openapi_has_paths
tests/test_api_contract.py::TestOpenAPISchema::test_openapi_has_health_endpoints
tests/test_api_contract.py::TestOpenAPISchema::test_openapi_has_model_endpoints
  C:\Python312\Lib\site-packages\fastapi\openapi\utils.py:303: UserWarning: Duplicate Operation ID save_generation_defaults_api_system_api_system_generation_defaults_post for function save_generation_defaults at C:\Users\Doro\TTS_MultiModel\bin\integrated_app\routes\system\settings.py
    warnings.warn(message, stacklevel=1)

tests/test_api_contract.py::TestOpenAPISchema::test_openapi_schema_available
tests/test_api_contract.py::TestOpenAPISchema::test_openapi_has_paths
tests/test_api_contract.py::TestOpenAPISchema::test_openapi_has_health_endpoints
tests/test_api_contract.py::TestOpenAPISchema::test_openapi_has_model_endpoints
  C:\Python312\Lib\site-packages\fastapi\openapi\utils.py:303: UserWarning: Duplicate Operation ID gpu_status_api_system_gpu_status_get for function gpu_status at C:\Users\Doro\TTS_MultiModel\bin\integrated_app\routes\system\gpu.py
    warnings.warn(message, stacklevel=1)

tests/test_api_contract.py::TestOpenAPISchema::test_openapi_schema_available
tests/test_api_contract.py::TestOpenAPISchema::test_openapi_has_paths
tests/test_api_contract.py::TestOpenAPISchema::test_openapi_has_health_endpoints
tests/test_api_contract.py::TestOpenAPISchema::test_openapi_has_model_endpoints
  C:\Python312\Lib\site-packages\fastapi\openapi\utils.py:303: UserWarning: Duplicate Operation ID gpu_history_api_system_gpu_history_get for function gpu_history at C:\Users\Doro\TTS_MultiModel\bin\integrated_app\routes\system\gpu.py
    warnings.warn(message, stacklevel=1)

tests/test_api_contract.py::TestOpenAPISchema::test_openapi_schema_available
tests/test_api_contract.py::TestOpenAPISchema::test_openapi_has_paths
tests/test_api_contract.py::TestOpenAPISchema::test_openapi_has_health_endpoints
tests/test_api_contract.py::TestOpenAPISchema::test_openapi_has_model_endpoints
  C:\Python312\Lib\site-packages\fastapi\openapi\utils.py:303: UserWarning: Duplicate Operation ID gpu_cleanup_api_system_gpu_cleanup_post for function gpu_cleanup at C:\Users\Doro\TTS_MultiModel\bin\integrated_app\routes\system\gpu.py
    warnings.warn(message, stacklevel=1)

tests/test_api_contract.py::TestOpenAPISchema::test_openapi_schema_available
tests/test_api_contract.py::TestOpenAPISchema::test_openapi_has_paths
tests/test_api_contract.py::TestOpenAPISchema::test_openapi_has_health_endpoints
tests/test_api_contract.py::TestOpenAPISchema::test_openapi_has_model_endpoints
  C:\Python312\Lib\site-packages\fastapi\openapi\utils.py:303: UserWarning: Duplicate Operation ID ping_api_system_health_ping_get for function ping at C:\Users\Doro\TTS_MultiModel\bin\integrated_app\routes\system\health.py
    warnings.warn(message, stacklevel=1)

tests/test_api_contract.py::TestOpenAPISchema::test_openapi_schema_available
tests/test_api_contract.py::TestOpenAPISchema::test_openapi_has_paths
tests/test_api_contract.py::TestOpenAPISchema::test_openapi_has_health_endpoints
tests/test_api_contract.py::TestOpenAPISchema::test_openapi_has_model_endpoints
  C:\Python312\Lib\site-packages\fastapi\openapi\utils.py:303: UserWarning: Duplicate Operation ID ready_api_system_health_ready_get for function ready at C:\Users\Doro\TTS_MultiModel\bin\integrated_app\routes\system\health.py
    warnings.warn(message, stacklevel=1)

tests/test_api_contract.py::TestOpenAPISchema::test_openapi_schema_available
tests/test_api_contract.py::TestOpenAPISchema::test_openapi_has_paths
tests/test_api_contract.py::TestOpenAPISchema::test_openapi_has_health_endpoints
tests/test_api_contract.py::TestOpenAPISchema::test_openapi_has_model_endpoints
  C:\Python312\Lib\site-packages\fastapi\openapi\utils.py:303: UserWarning: Duplicate Operation ID get_stats_api_system_stats_get for function get_stats at C:\Users\Doro\TTS_MultiModel\bin\integrated_app\routes\system\health.py
    warnings.warn(message, stacklevel=1)

tests/test_api_contract.py::TestOpenAPISchema::test_openapi_schema_available
tests/test_api_contract.py::TestOpenAPISchema::test_openapi_has_paths
tests/test_api_contract.py::TestOpenAPISchema::test_openapi_has_health_endpoints
tests/test_api_contract.py::TestOpenAPISchema::test_openapi_has_model_endpoints
  C:\Python312\Lib\site-packages\fastapi\openapi\utils.py:303: UserWarning: Duplicate Operation ID get_queue_status_api_system_queue_get for function get_queue_status at C:\Users\Doro\TTS_MultiModel\bin\integrated_app\routes\system\health.py
    warnings.warn(message, stacklevel=1)

tests/test_api_contract.py::TestOpenAPISchema::test_openapi_schema_available
tests/test_api_contract.py::TestOpenAPISchema::test_openapi_has_paths
tests/test_api_contract.py::TestOpenAPISchema::test_openapi_has_health_endpoints
tests/test_api_contract.py::TestOpenAPISchema::test_openapi_has_model_endpoints
  C:\Python312\Lib\site-packages\fastapi\openapi\utils.py:303: UserWarning: Duplicate Operation ID gpu_leak_api_system_health_gpu_leak_get for function gpu_leak at C:\Users\Doro\TTS_MultiModel\bin\integrated_app\routes\system\health.py
    warnings.warn(message, stacklevel=1)

tests/test_api_contract.py::TestOpenAPISchema::test_openapi_schema_available
tests/test_api_contract.py::TestOpenAPISchema::test_openapi_has_paths
tests/test_api_contract.py::TestOpenAPISchema::test_openapi_has_health_endpoints
tests/test_api_contract.py::TestOpenAPISchema::test_openapi_has_model_endpoints
  C:\Python312\Lib\site-packages\fastapi\openapi\utils.py:303: UserWarning: Duplicate Operation ID get_health_api_system_health_get for function get_health at C:\Users\Doro\TTS_MultiModel\bin\integrated_app\routes\system\health.py
    warnings.warn(message, stacklevel=1)

tests/test_api_contract.py::TestOpenAPISchema::test_openapi_schema_available
tests/test_api_contract.py::TestOpenAPISchema::test_openapi_has_paths
tests/test_api_contract.py::TestOpenAPISchema::test_openapi_has_health_endpoints
tests/test_api_contract.py::TestOpenAPISchema::test_openapi_has_model_endpoints
  C:\Python312\Lib\site-packages\fastapi\openapi\utils.py:303: UserWarning: Duplicate Operation ID shutdown_server_api_system_shutdown_post for function shutdown_server at C:\Users\Doro\TTS_MultiModel\bin\integrated_app\routes\system\health.py
    warnings.warn(message, stacklevel=1)

tests/test_api_contract.py::TestOpenAPISchema::test_openapi_schema_available
tests/test_api_contract.py::TestOpenAPISchema::test_openapi_has_paths
tests/test_api_contract.py::TestOpenAPISchema::test_openapi_has_health_endpoints
tests/test_api_contract.py::TestOpenAPISchema::test_openapi_has_model_endpoints
  C:\Python312\Lib\site-packages\fastapi\openapi\utils.py:303: UserWarning: Duplicate Operation ID get_logs_api_system_logs_get for function get_logs at C:\Users\Doro\TTS_MultiModel\bin\integrated_app\routes\system\logs.py
    warnings.warn(message, stacklevel=1)

tests/test_api_contract.py::TestOpenAPISchema::test_openapi_schema_available
tests/test_api_contract.py::TestOpenAPISchema::test_openapi_has_paths
tests/test_api_contract.py::TestOpenAPISchema::test_openapi_has_health_endpoints
tests/test_api_contract.py::TestOpenAPISchema::test_openapi_has_model_endpoints
  C:\Python312\Lib\site-packages\fastapi\openapi\utils.py:303: UserWarning: Duplicate Operation ID clean_logs_api_system_logs_clean_delete for function clean_logs at C:\Users\Doro\TTS_MultiModel\bin\integrated_app\routes\system\logs.py
    warnings.warn(message, stacklevel=1)

tests/test_api_contract.py::TestOpenAPISchema::test_openapi_schema_available
tests/test_api_contract.py::TestOpenAPISchema::test_openapi_has_paths
tests/test_api_contract.py::TestOpenAPISchema::test_openapi_has_health_endpoints
tests/test_api_contract.py::TestOpenAPISchema::test_openapi_has_model_endpoints
  C:\Python312\Lib\site-packages\fastapi\openapi\utils.py:303: UserWarning: Duplicate Operation ID get_settings_api_system_settings_get for function get_settings at C:\Users\Doro\TTS_MultiModel\bin\integrated_app\routes\system\settings.py
    warnings.warn(message, stacklevel=1)

tests/test_api_contract.py::TestOpenAPISchema::test_openapi_schema_available
tests/test_api_contract.py::TestOpenAPISchema::test_openapi_has_paths
tests/test_api_contract.py::TestOpenAPISchema::test_openapi_has_health_endpoints
tests/test_api_contract.py::TestOpenAPISchema::test_openapi_has_model_endpoints
  C:\Python312\Lib\site-packages\fastapi\openapi\utils.py:303: UserWarning: Duplicate Operation ID update_settings_api_system_settings_put for function update_settings at C:\Users\Doro\TTS_MultiModel\bin\integrated_app\routes\system\settings.py
    warnings.warn(message, stacklevel=1)

tests/test_api_contract.py::TestOpenAPISchema::test_openapi_schema_available
tests/test_api_contract.py::TestOpenAPISchema::test_openapi_has_paths
tests/test_api_contract.py::TestOpenAPISchema::test_openapi_has_health_endpoints
tests/test_api_contract.py::TestOpenAPISchema::test_openapi_has_model_endpoints
  C:\Python312\Lib\site-packages\fastapi\openapi\utils.py:303: UserWarning: Duplicate Operation ID reset_settings_api_system_settings_reset_post for function reset_settings at C:\Users\Doro\TTS_MultiModel\bin\integrated_app\routes\system\settings.py
    warnings.warn(message, stacklevel=1)

tests/test_api_contract.py::TestOpenAPISchema::test_openapi_schema_available
tests/test_api_contract.py::TestOpenAPISchema::test_openapi_has_paths
tests/test_api_contract.py::TestOpenAPISchema::test_openapi_has_health_endpoints
tests/test_api_contract.py::TestOpenAPISchema::test_openapi_has_model_endpoints
  C:\Python312\Lib\site-packages\fastapi\openapi\utils.py:303: UserWarning: Duplicate Operation ID get_advanced_params_api_system_advanced_params_get for function get_advanced_params at C:\Users\Doro\TTS_MultiModel\bin\integrated_app\routes\system\settings.py
    warnings.warn(message, stacklevel=1)

tests/test_api_contract.py::TestOpenAPISchema::test_openapi_schema_available
tests/test_api_contract.py::TestOpenAPISchema::test_openapi_has_paths
tests/test_api_contract.py::TestOpenAPISchema::test_openapi_has_health_endpoints
tests/test_api_contract.py::TestOpenAPISchema::test_openapi_has_model_endpoints
  C:\Python312\Lib\site-packages\fastapi\openapi\utils.py:303: UserWarning: Duplicate Operation ID save_advanced_params_api_system_advanced_params_post for function save_advanced_params at C:\Users\Doro\TTS_MultiModel\bin\integrated_app\routes\system\settings.py
    warnings.warn(message, stacklevel=1)

tests/test_api_contract.py::TestOpenAPISchema::test_openapi_schema_available
tests/test_api_contract.py::TestOpenAPISchema::test_openapi_has_paths
tests/test_api_contract.py::TestOpenAPISchema::test_openapi_has_health_endpoints
tests/test_api_contract.py::TestOpenAPISchema::test_openapi_has_model_endpoints
  C:\Python312\Lib\site-packages\fastapi\openapi\utils.py:303: UserWarning: Duplicate Operation ID save_general_settings_api_system_general_settings_post for function save_general_settings at C:\Users\Doro\TTS_MultiModel\bin\integrated_app\routes\system\settings.py
    warnings.warn(message, stacklevel=1)

tests/test_api_contract.py::TestOpenAPISchema::test_openapi_schema_available
tests/test_api_contract.py::TestOpenAPISchema::test_openapi_has_paths
tests/test_api_contract.py::TestOpenAPISchema::test_openapi_has_health_endpoints
tests/test_api_contract.py::TestOpenAPISchema::test_openapi_has_model_endpoints
  C:\Python312\Lib\site-packages\fastapi\openapi\utils.py:303: UserWarning: Duplicate Operation ID get_generation_defaults_api_system_generation_defaults_get for function get_generation_defaults at C:\Users\Doro\TTS_MultiModel\bin\integrated_app\routes\system\settings.py
    warnings.warn(message, stacklevel=1)

tests/test_api_contract.py::TestOpenAPISchema::test_openapi_schema_available
tests/test_api_contract.py::TestOpenAPISchema::test_openapi_has_paths
tests/test_api_contract.py::TestOpenAPISchema::test_openapi_has_health_endpoints
tests/test_api_contract.py::TestOpenAPISchema::test_openapi_has_model_endpoints
  C:\Python312\Lib\site-packages\fastapi\openapi\utils.py:303: UserWarning: Duplicate Operation ID save_generation_defaults_api_system_generation_defaults_post for function save_generation_defaults at C:\Users\Doro\TTS_MultiModel\bin\integrated_app\routes\system\settings.py
    warnings.warn(message, stacklevel=1)

tests/test_api_contract.py::TestOpenAPISchema::test_openapi_schema_available
tests/test_api_contract.py::TestOpenAPISchema::test_openapi_has_paths
tests/test_api_contract.py::TestOpenAPISchema::test_openapi_has_health_endpoints
tests/test_api_contract.py::TestOpenAPISchema::test_openapi_has_model_endpoints
  C:\Python312\Lib\site-packages\fastapi\openapi\utils.py:303: UserWarning: Duplicate Operation ID load_tab_tab__tab_name__get for function load_tab at C:\Users\Doro\TTS_MultiModel\bin\integrated_app\routes\tabs.py
    warnings.warn(message, stacklevel=1)

tests/test_api_contract.py::TestOpenAPISchema::test_openapi_schema_available
tests/test_api_contract.py::TestOpenAPISchema::test_openapi_has_paths
tests/test_api_contract.py::TestOpenAPISchema::test_openapi_has_health_endpoints
tests/test_api_contract.py::TestOpenAPISchema::test_openapi_has_model_endpoints
  C:\Python312\Lib\site-packages\fastapi\openapi\utils.py:303: UserWarning: Duplicate Operation ID start_training_api_training_start_post for function start_training at C:\Users\Doro\TTS_MultiModel\bin\integrated_app\routes\training.py
    warnings.warn(message, stacklevel=1)

tests/test_api_contract.py::TestOpenAPISchema::test_openapi_schema_available
tests/test_api_contract.py::TestOpenAPISchema::test_openapi_has_paths
tests/test_api_contract.py::TestOpenAPISchema::test_openapi_has_health_endpoints
tests/test_api_contract.py::TestOpenAPISchema::test_openapi_has_model_endpoints
  C:\Python312\Lib\site-packages\fastapi\openapi\utils.py:303: UserWarning: Duplicate Operation ID stop_training_api_training_stop_post for function stop_training at C:\Users\Doro\TTS_MultiModel\bin\integrated_app\routes\training.py
    warnings.warn(message, stacklevel=1)

tests/test_api_contract.py::TestOpenAPISchema::test_openapi_schema_available
tests/test_api_contract.py::TestOpenAPISchema::test_openapi_has_paths
tests/test_api_contract.py::TestOpenAPISchema::test_openapi_has_health_endpoints
tests/test_api_contract.py::TestOpenAPISchema::test_openapi_has_model_endpoints
  C:\Python312\Lib\site-packages\fastapi\openapi\utils.py:303: UserWarning: Duplicate Operation ID get_training_log_api_training_log_get for function get_training_log at C:\Users\Doro\TTS_MultiModel\bin\integrated_app\routes\training.py
    warnings.warn(message, stacklevel=1)

tests/test_coverage_boost_ext.py::TestSSERoutes::test_sse_endpoint_exists
  C:\Python312\Lib\site-packages\httpx\_client.py:1053: StarletteDeprecationWarning: You should not use the 'timeout' argument with the TestClient. See https://github.com/Kludex/starlette/issues/1108 for more information.
    return self.request(

tests/test_gpu_utilization_routes.py::test_imports
  C:\Python312\Lib\site-packages\_pytest\python.py:171: PytestReturnNotNoneWarning: Test functions should return None, but tests/test_gpu_utilization_routes.py::test_imports returned <class 'bool'>.
  Did you mean to use `assert` instead of `return`?
  See https://docs.pytest.org/en/stable/how-to/assert.html#return-not-none for more information.
    warnings.warn(

tests/test_gpu_utilization_routes.py::test_nvml_initialization
  C:\Python312\Lib\site-packages\_pytest\python.py:171: PytestReturnNotNoneWarning: Test functions should return None, but tests/test_gpu_utilization_routes.py::test_nvml_initialization returned <class 'bool'>.
  Did you mean to use `assert` instead of `return`?
  See https://docs.pytest.org/en/stable/how-to/assert.html#return-not-none for more information.
    warnings.warn(

tests/test_gpu_utilization_routes.py::test_gpu_utilization_nvml
  C:\Python312\Lib\site-packages\_pytest\python.py:171: PytestReturnNotNoneWarning: Test functions should return None, but tests/test_gpu_utilization_routes.py::test_gpu_utilization_nvml returned <class 'bool'>.
  Did you mean to use `assert` instead of `return`?
  See https://docs.pytest.org/en/stable/how-to/assert.html#return-not-none for more information.
    warnings.warn(

tests/test_gpu_utilization_routes.py::test_gpu_utilization_nvidia_smi
  C:\Python312\Lib\site-packages\_pytest\python.py:171: PytestReturnNotNoneWarning: Test functions should return None, but tests/test_gpu_utilization_routes.py::test_gpu_utilization_nvidia_smi returned <class 'bool'>.
  Did you mean to use `assert` instead of `return`?
  See https://docs.pytest.org/en/stable/how-to/assert.html#return-not-none for more information.
    warnings.warn(

tests/test_gpu_utilization_routes.py::test_gpu_utilization_unified
  C:\Python312\Lib\site-packages\_pytest\python.py:171: PytestReturnNotNoneWarning: Test functions should return None, but tests/test_gpu_utilization_routes.py::test_gpu_utilization_unified returned <class 'bool'>.
  Did you mean to use `assert` instead of `return`?
  See https://docs.pytest.org/en/stable/how-to/assert.html#return-not-none for more information.
    warnings.warn(

tests/test_gpu_utilization_routes.py::test_thread_safety
  C:\Python312\Lib\site-packages\_pytest\python.py:171: PytestReturnNotNoneWarning: Test functions should return None, but tests/test_gpu_utilization_routes.py::test_thread_safety returned <class 'bool'>.
  Did you mean to use `assert` instead of `return`?
  See https://docs.pytest.org/en/stable/how-to/assert.html#return-not-none for more information.
    warnings.warn(

tests/test_gpu_utilization_routes.py::test_error_handling
  C:\Python312\Lib\site-packages\_pytest\python.py:171: PytestReturnNotNoneWarning: Test functions should return None, but tests/test_gpu_utilization_routes.py::test_error_handling returned <class 'bool'>.
  Did you mean to use `assert` instead of `return`?
  See https://docs.pytest.org/en/stable/how-to/assert.html#return-not-none for more information.
    warnings.warn(

-- Docs: https://docs.pytest.org/en/stable/how-to/capture-warnings.html
======= 1225 passed, 57 skipped, 196 deselected, 349 warnings in 56.45s =======
